2026-04-17 12:44:22,957 - Database - INFO - Initializing database at test_maktaba_suite.db
2026-04-17 12:44:23,195 - Database - INFO - Database initialization complete.
2026-04-17 12:44:23,340 - Database - INFO - Initializing database at test_maktaba_suite.db
2026-04-17 12:44:23,650 - Database - INFO - Database initialization complete.
2026-04-17 12:44:24,014 - Database - INFO - Initializing database at test_maktaba_suite.db
2026-04-17 12:44:24,918 - Database - INFO - Database initialization complete.
2026-04-17 12:44:25,414 - Database - INFO - Initializing database at test_maktaba_suite.db
2026-04-17 12:44:25,883 - Database - INFO - Database initialization complete.
2026-04-17 12:44:26,229 - Database - INFO - Initializing database at maktaba_production.db
2026-04-17 12:44:26,233 - Database - INFO - Database initialization complete.
2026-04-17 12:46:48,800 - Database - INFO - Initializing database at maktaba_production.db
2026-04-17 12:46:48,821 - Database - INFO - Database initialization complete.
2026-04-17 12:46:58,519 - Database - INFO - Initializing database at maktaba_production.db
2026-04-17 12:46:58,522 - Database - INFO - Database initialization complete.
2026-04-17 12:46:58,530 - Database - INFO - Initializing database at maktaba_production.db
2026-04-17 12:46:58,532 - Database - INFO - Database initialization complete.
2026-04-17 12:46:58,532 - PDFGenerator - INFO - Starting PDF generation for Book ID: 2
2026-04-17 12:46:59,504 - PDFGenerator - INFO - PDF successfully generated at: output/book_with_footnotes.pdf
2026-04-17 12:47:23,652 - Database - INFO - Initializing database at maktaba_production.db
2026-04-17 12:47:23,654 - Database - INFO - Database initialization complete.
2026-04-17 12:47:23,670 - Database - INFO - Initializing database at maktaba_production.db
2026-04-17 12:47:23,672 - Database - INFO - Database initialization complete.
2026-04-17 12:47:23,673 - PDFGenerator - INFO - Starting PDF generation for Book ID: 2
2026-04-17 12:47:24,863 - PDFGenerator - INFO - PDF successfully generated at: output/book_with_toc.pdf
2026-04-17 12:51:44,367 - Database - INFO - Initializing database at test_maktaba_suite.db
2026-04-17 12:51:47,496 - Database - INFO - Database initialization complete.
2026-04-17 12:51:48,164 - Database - INFO - Initializing database at test_maktaba_suite.db
2026-04-17 12:51:49,297 - Database - INFO - Database initialization complete.
2026-04-17 12:51:50,113 - Database - INFO - Initializing database at test_maktaba_suite.db
2026-04-17 12:51:50,876 - Database - INFO - Database initialization complete.
2026-04-17 12:51:51,617 - Database - INFO - Initializing database at test_maktaba_suite.db
2026-04-17 12:51:52,293 - Database - INFO - Database initialization complete.
2026-04-17 12:51:53,132 - Database - INFO - Initializing database at maktaba_production.db
2026-04-17 12:51:53,138 - Database - INFO - Database initialization complete.
2026-04-17 12:53:43,036 - Database - INFO - Initializing database at maktaba_production.db
2026-04-17 12:53:43,039 - Database - INFO - Database initialization complete.
2026-04-17 12:53:43,304 - Database - INFO - Initializing database at maktaba_production.db
2026-04-17 12:53:43,306 - Database - INFO - Database initialization complete.
2026-04-17 12:53:43,306 - PDFGenerator - INFO - Starting PDF generation for Book ID: 2
2026-04-17 12:53:43,311 - PDFGenerator - INFO - Rendering cover page...
2026-04-17 12:53:43,311 - PDFGenerator - INFO - Rendering main content...
2026-04-17 12:53:47,871 - PDFGenerator - INFO - PDF successfully generated at: output/advanced_book.pdf
2026-04-17 13:03:10,656 - Database - INFO - Initializing database at maktaba_production.db
2026-04-17 13:03:10,663 - Database - INFO - Database initialization complete.
2026-04-17 13:03:10,924 - Database - INFO - Initializing database at maktaba_production.db
2026-04-17 13:03:10,926 - Database - INFO - Database initialization complete.
2026-04-17 13:06:53,740 - Database - INFO - Initializing database at maktaba_production.db
2026-04-17 13:06:53,744 - Database - INFO - Database initialization complete.
2026-04-17 13:06:53,801 - Database - INFO - Initializing database at maktaba_production.db
2026-04-17 13:06:53,803 - Database - INFO - Database initialization complete.
2026-04-17 13:28:36,986 - Database - INFO - Initializing database at test_maktaba_suite.db
2026-04-17 13:28:37,469 - Database - INFO - Database initialization complete.
2026-04-17 13:28:37,700 - Database - INFO - Initializing database at test_maktaba_suite.db
2026-04-17 13:28:38,154 - Database - INFO - Database initialization complete.
2026-04-17 13:28:38,610 - Database - INFO - Initializing database at test_maktaba_suite.db
2026-04-17 13:28:39,139 - Database - INFO - Database initialization complete.
2026-04-17 13:28:39,769 - Database - INFO - Initializing database at test_maktaba_suite.db
2026-04-17 13:28:40,269 - Database - INFO - Database initialization complete.
2026-04-17 13:28:40,751 - Database - INFO - Initializing database at maktaba_production.db
2026-04-17 13:28:40,755 - Database - INFO - Database initialization complete.
2026-04-17 13:30:45,653 - Database - INFO - Initializing database at maktaba_production.db
2026-04-17 13:30:45,658 - Database - INFO - Database initialization complete.
2026-04-17 13:30:45,794 - Database - INFO - Initializing database at maktaba_production.db
2026-04-17 13:30:45,799 - Database - INFO - Database initialization complete.
2026-04-17 13:34:24,297 - Database - INFO - Initializing database at maktaba_production.db
2026-04-17 13:34:24,301 - Database - INFO - Database initialization complete.
2026-04-17 13:34:24,386 - Database - INFO - Initializing database at maktaba_production.db
2026-04-17 13:34:24,389 - Database - INFO - Database initialization complete.
2026-04-17 13:41:34,952 - Database - INFO - Initializing database at maktaba_production.db
2026-04-17 13:41:34,955 - Database - INFO - Database initialization complete.
2026-04-17 13:41:35,011 - Database - INFO - Initializing database at maktaba_production.db
2026-04-17 13:41:35,012 - Database - INFO - Database initialization complete.
2026-04-17 13:47:16,320 - Database - INFO - Initializing database at maktaba_production.db
2026-04-17 13:47:16,326 - Database - INFO - Database initialization complete.
2026-04-17 13:47:16,394 - Database - INFO - Initializing database at maktaba_production.db
2026-04-17 13:47:16,395 - Database - INFO - Database initialization complete.
2026-04-17 13:48:58,678 - Database - INFO - Initializing database at maktaba_production.db
2026-04-17 13:48:58,680 - Database - INFO - Database initialization complete.
2026-04-17 13:48:58,717 - Database - INFO - Initializing database at maktaba_production.db
2026-04-17 13:48:58,719 - Database - INFO - Database initialization complete.
